<?xml version="1.0" encoding="UTF-8"?>
<!-- Generated by org.testng.reporters.JUnitXMLReporter -->
<testsuite ignored="0" hostname="Diksha" failures="0" tests="2" name="Error Validation Test" time="15.796" errors="0" timestamp="15 May 2024 13:29:14 GMT">
  <testcase classname="FrameWorkDesign.Tests.ErrorValidation" name="loginErrorValidation" time="0.42"/>
  <testcase classname="FrameWorkDesign.Tests.ErrorValidation" name="productErrorValidation" time="3.806"/>
</testsuite> <!-- Error Validation Test -->
