<?xml version="1.0" encoding="UTF-8"?>
<!-- Generated by org.testng.reporters.JUnitXMLReporter -->
<testsuite ignored="0" hostname="Diksha" failures="0" tests="3" name="Submit Order Test" time="30.193" errors="0" timestamp="15 May 2024 13:29:28 GMT">
  <testcase classname="FrameWorkDesign.Tests.SubmitOrderTest" name="submitOrder" time="7.273"/>
  <testcase classname="FrameWorkDesign.Tests.SubmitOrderTest" name="submitOrder" time="7.291"/>
  <testcase classname="FrameWorkDesign.Tests.SubmitOrderTest" name="verifyOrders" time="0.411"/>
</testsuite> <!-- Submit Order Test -->
