<?xml version="1.0" encoding="UTF-8"?>
<testng-results ignored="0" total="5" passed="5" failed="0" skipped="0">
  <reporter-output>
  </reporter-output>
  <suite started-at="2024-05-15T13:28:58Z" name="Suite" finished-at="2024-05-15T13:29:28Z" duration-ms="30193">
    <groups>
      <group name="Purchase">
        <method signature="SubmitOrderTest.submitOrder(java.util.HashMap)[pri:0, instance:FrameWorkDesign.Tests.SubmitOrderTest@17a87e37]" name="submitOrder" class="FrameWorkDesign.Tests.SubmitOrderTest"/>
      </group> <!-- Purchase -->
      <group name="Error">
        <method signature="ErrorValidation.loginErrorValidation()[pri:0, instance:FrameWorkDesign.Tests.ErrorValidation@1af146]" name="loginErrorValidation" class="FrameWorkDesign.Tests.ErrorValidation"/>
      </group> <!-- Error -->
    </groups>
    <test started-at="2024-05-15T13:28:58Z" name="Error Validation Test" finished-at="2024-05-15T13:29:13Z" duration-ms="15796">
      <class name="FrameWorkDesign.Tests.ErrorValidation">
        <test-method is-config="true" signature="launchApplication()[pri:0, instance:FrameWorkDesign.Tests.ErrorValidation@1af146]" started-at="2024-05-15T13:28:58Z" name="launchApplication" finished-at="2024-05-15T13:29:05Z" duration-ms="7749" status="PASS">
          <reporter-output>
          </reporter-output>
        </test-method> <!-- launchApplication -->
        <test-method signature="loginErrorValidation()[pri:0, instance:FrameWorkDesign.Tests.ErrorValidation@1af146]" started-at="2024-05-15T13:29:05Z" name="loginErrorValidation" finished-at="2024-05-15T13:29:06Z" duration-ms="420" status="PASS">
          <reporter-output>
          </reporter-output>
        </test-method> <!-- loginErrorValidation -->
        <test-method is-config="true" signature="tearDown()[pri:0, instance:FrameWorkDesign.Tests.ErrorValidation@1af146]" started-at="2024-05-15T13:29:06Z" name="tearDown" finished-at="2024-05-15T13:29:06Z" duration-ms="589" status="PASS">
          <reporter-output>
          </reporter-output>
        </test-method> <!-- tearDown -->
        <test-method is-config="true" signature="launchApplication()[pri:0, instance:FrameWorkDesign.Tests.ErrorValidation@1af146]" started-at="2024-05-15T13:29:06Z" name="launchApplication" finished-at="2024-05-15T13:29:09Z" duration-ms="2613" status="PASS">
          <reporter-output>
          </reporter-output>
        </test-method> <!-- launchApplication -->
        <test-method signature="productErrorValidation()[pri:0, instance:FrameWorkDesign.Tests.ErrorValidation@1af146]" started-at="2024-05-15T13:29:09Z" name="productErrorValidation" finished-at="2024-05-15T13:29:13Z" duration-ms="3806" status="PASS">
          <reporter-output>
          </reporter-output>
        </test-method> <!-- productErrorValidation -->
        <test-method is-config="true" signature="tearDown()[pri:0, instance:FrameWorkDesign.Tests.ErrorValidation@1af146]" started-at="2024-05-15T13:29:13Z" name="tearDown" finished-at="2024-05-15T13:29:13Z" duration-ms="595" status="PASS">
          <reporter-output>
          </reporter-output>
        </test-method> <!-- tearDown -->
      </class> <!-- FrameWorkDesign.Tests.ErrorValidation -->
    </test> <!-- Error Validation Test -->
    <test started-at="2024-05-15T13:28:58Z" name="Submit Order Test" finished-at="2024-05-15T13:29:28Z" duration-ms="30193">
      <class name="FrameWorkDesign.Tests.SubmitOrderTest">
        <test-method is-config="true" signature="launchApplication()[pri:0, instance:FrameWorkDesign.Tests.SubmitOrderTest@17a87e37]" started-at="2024-05-15T13:28:58Z" name="launchApplication" finished-at="2024-05-15T13:29:05Z" duration-ms="7473" status="PASS">
          <reporter-output>
          </reporter-output>
        </test-method> <!-- launchApplication -->
        <test-method signature="submitOrder(java.util.HashMap)[pri:0, instance:FrameWorkDesign.Tests.SubmitOrderTest@17a87e37]" started-at="2024-05-15T13:29:05Z" name="submitOrder" data-provider="getData" finished-at="2024-05-15T13:29:13Z" duration-ms="7273" status="PASS">
          <params>
            <param index="0">
              <value>
                <![CDATA[{password=Test@123, product=ZARA COAT 3, email=dsk@gmail.com}]]>
              </value>
            </param>
          </params>
          <reporter-output>
          </reporter-output>
        </test-method> <!-- submitOrder -->
        <test-method is-config="true" signature="tearDown()[pri:0, instance:FrameWorkDesign.Tests.SubmitOrderTest@17a87e37]" started-at="2024-05-15T13:29:13Z" name="tearDown" finished-at="2024-05-15T13:29:13Z" duration-ms="607" status="PASS">
          <reporter-output>
          </reporter-output>
        </test-method> <!-- tearDown -->
        <test-method is-config="true" signature="launchApplication()[pri:0, instance:FrameWorkDesign.Tests.SubmitOrderTest@17a87e37]" started-at="2024-05-15T13:29:13Z" name="launchApplication" finished-at="2024-05-15T13:29:16Z" duration-ms="2705" status="PASS">
          <reporter-output>
          </reporter-output>
        </test-method> <!-- launchApplication -->
        <test-method signature="submitOrder(java.util.HashMap)[pri:0, instance:FrameWorkDesign.Tests.SubmitOrderTest@17a87e37]" started-at="2024-05-15T13:29:16Z" name="submitOrder" data-provider="getData" finished-at="2024-05-15T13:29:23Z" duration-ms="7291" status="PASS">
          <params>
            <param index="0">
              <value>
                <![CDATA[{password=Diksha@12, product=ADIDAS ORIGINAL, email=dikshakamdi@123.com}]]>
              </value>
            </param>
          </params>
          <reporter-output>
          </reporter-output>
        </test-method> <!-- submitOrder -->
        <test-method is-config="true" signature="tearDown()[pri:0, instance:FrameWorkDesign.Tests.SubmitOrderTest@17a87e37]" started-at="2024-05-15T13:29:23Z" name="tearDown" finished-at="2024-05-15T13:29:24Z" duration-ms="591" status="PASS">
          <reporter-output>
          </reporter-output>
        </test-method> <!-- tearDown -->
        <test-method is-config="true" signature="launchApplication()[pri:0, instance:FrameWorkDesign.Tests.SubmitOrderTest@17a87e37]" started-at="2024-05-15T13:29:24Z" name="launchApplication" finished-at="2024-05-15T13:29:27Z" duration-ms="3015" status="PASS">
          <reporter-output>
          </reporter-output>
        </test-method> <!-- launchApplication -->
        <test-method signature="verifyOrders()[pri:0, instance:FrameWorkDesign.Tests.SubmitOrderTest@17a87e37]" started-at="2024-05-15T13:29:27Z" name="verifyOrders" finished-at="2024-05-15T13:29:27Z" depends-on-methods="FrameWorkDesign.Tests.SubmitOrderTest.submitOrder" duration-ms="411" status="PASS">
          <reporter-output>
          </reporter-output>
        </test-method> <!-- verifyOrders -->
        <test-method is-config="true" signature="tearDown()[pri:0, instance:FrameWorkDesign.Tests.SubmitOrderTest@17a87e37]" started-at="2024-05-15T13:29:27Z" name="tearDown" finished-at="2024-05-15T13:29:28Z" duration-ms="584" status="PASS">
          <reporter-output>
          </reporter-output>
        </test-method> <!-- tearDown -->
      </class> <!-- FrameWorkDesign.Tests.SubmitOrderTest -->
    </test> <!-- Submit Order Test -->
  </suite> <!-- Suite -->
</testng-results>
